\BOOKMARK [1][-]{section.1}{\376\377\137\025\121\145\137\305\211\201\166\204\136\223}{}% 1
\BOOKMARK [1][-]{section.2}{\376\377\122\006\147\220\000W\000i\000n\000e\000\040\000R\000e\000v\000i\000e\000w\000s\145\160\143\156\226\306\166\204\000w\000i\000n\000e\000m\000a\000g\000-\000d\000a\000t\000a\000\137\000f\000i\000r\000s\000t\0001\0005\0000\000k\000.\000c\000s\000v\000'\145\207\116\366}{}% 2
\BOOKMARK [2][-]{subsection.2.1}{\376\377\000c\000s\000v\145\207\116\366\215\357\137\204}{section.2}% 3
\BOOKMARK [2][-]{subsection.2.2}{\376\377\213\373\123\326\145\160\143\156\377\014\136\166\147\345\167\013\122\115\0001\0000\210\114\145\160\143\156}{section.2}% 4
\BOOKMARK [2][-]{subsection.2.3}{\376\377\220\011\142\351\121\372\150\007\171\360\134\136\140\047\133\371\136\224\166\204\122\027}{section.2}% 5
\BOOKMARK [1][-]{section.3}{\376\377\230\204\131\004\164\006\142\020\220\002\124\010\217\333\210\114\121\163\200\124\211\304\122\031\143\026\143\230\166\204\137\142\137\017}{}% 6
\BOOKMARK [2][-]{subsection.3.1}{\376\377\213\276\177\156\146\076\171\072\166\204\147\000\131\047\145\160\166\356}{section.3}% 7
\BOOKMARK [1][-]{section.4}{\376\377\230\221\176\101\152\041\137\017}{}% 8
\BOOKMARK [1][-]{section.5}{\376\377\121\163\200\124\211\304\122\031}{}% 9
\BOOKMARK [2][-]{subsection.5.1}{\376\377\117\235\153\041\146\076\171\072\121\163\200\124\211\304\122\031\377\014\123\312\121\166\145\057\143\001\136\246\060\001\177\156\117\341\136\246\060\001\000L\000i\000f\000t\213\304\116\367\124\214\123\141\145\271\213\304\116\367}{section.5}% 10
\BOOKMARK [1][-]{section.6}{\376\377\123\357\211\306\123\026}{}% 11
\BOOKMARK [2][-]{subsection.6.1}{\376\377\145\057\143\001\136\246}{section.6}% 12
\BOOKMARK [2][-]{subsection.6.2}{\376\377\177\156\117\341\136\246}{section.6}% 13
\BOOKMARK [2][-]{subsection.6.3}{\376\377\000L\000i\000f\000t\000s\213\304\116\367}{section.6}% 14
\BOOKMARK [2][-]{subsection.6.4}{\376\377\123\141\145\271\213\304\116\367}{section.6}% 15
\BOOKMARK [1][-]{section.7}{\376\377\122\006\147\220\000W\000i\000n\000e\000\040\000R\000e\000v\000i\000e\000w\000s\145\160\143\156\226\306\166\204\000w\000i\000n\000e\000m\000a\000g\000-\000d\000a\000t\000a\000-\0001\0003\0000\000k\000-\000v\0002\000.\000c\000s\000v\000'\145\207\116\366}{}% 16
\BOOKMARK [2][-]{subsection.7.1}{\376\377\000c\000s\000v\145\207\116\366\215\357\137\204}{section.7}% 17
\BOOKMARK [2][-]{subsection.7.2}{\376\377\213\373\123\326\145\160\143\156\377\014\136\166\147\345\167\013\122\115\0001\0000\210\114\145\160\143\156}{section.7}% 18
\BOOKMARK [2][-]{subsection.7.3}{\376\377\220\011\142\351\121\372\150\007\171\360\134\136\140\047\133\371\136\224\166\204\122\027}{section.7}% 19
\BOOKMARK [1][-]{section.8}{\376\377\230\204\131\004\164\006\142\020\220\002\124\010\217\333\210\114\121\163\200\124\211\304\122\031\143\026\143\230\166\204\137\142\137\017}{}% 20
\BOOKMARK [2][-]{subsection.8.1}{\376\377\213\276\177\156\146\076\171\072\166\204\147\000\131\047\145\160\166\356}{section.8}% 21
\BOOKMARK [1][-]{section.9}{\376\377\230\221\176\101\152\041\137\017}{}% 22
\BOOKMARK [1][-]{section.10}{\376\377\121\163\200\124\211\304\122\031}{}% 23
\BOOKMARK [2][-]{subsection.10.1}{\376\377\117\235\153\041\146\076\171\072\121\163\200\124\211\304\122\031\377\014\123\312\121\166\145\057\143\001\136\246\060\001\177\156\117\341\136\246\060\001\000L\000i\000f\000t\213\304\116\367\124\214\123\141\145\271\213\304\116\367}{section.10}% 24
\BOOKMARK [1][-]{section.11}{\376\377\123\357\211\306\123\026}{}% 25
\BOOKMARK [2][-]{subsection.11.1}{\376\377\145\057\143\001\136\246}{section.11}% 26
\BOOKMARK [2][-]{subsection.11.2}{\376\377\177\156\117\341\136\246}{section.11}% 27
\BOOKMARK [2][-]{subsection.11.3}{\376\377\000L\000i\000f\000t\000s\213\304\116\367}{section.11}% 28
\BOOKMARK [2][-]{subsection.11.4}{\376\377\123\141\145\271\213\304\116\367}{section.11}% 29
